[debug] [2021-09-19T13:22:08.153Z] ----------------------------------------------------------------------
[debug] [2021-09-19T13:22:08.154Z] Command:       /opt/homebrew/Cellar/node/16.5.0/bin/node /opt/homebrew/bin/firebase deploy
[debug] [2021-09-19T13:22:08.154Z] CLI Version:   9.18.0
[debug] [2021-09-19T13:22:08.154Z] Platform:      darwin
[debug] [2021-09-19T13:22:08.154Z] Node Version:  v16.5.0
[debug] [2021-09-19T13:22:08.155Z] Time:          Sun Sep 19 2021 18:52:08 GMT+0530 (India Standard Time)
[debug] [2021-09-19T13:22:08.155Z] ----------------------------------------------------------------------
[debug] 
[debug] [2021-09-19T13:22:08.181Z] > command requires scopes: ["email","openid","https://www.googleapis.com/auth/cloudplatformprojects.readonly","https://www.googleapis.com/auth/firebase","https://www.googleapis.com/auth/cloud-platform"]
[debug] [2021-09-19T13:22:08.181Z] > authorizing via signed-in user (chiragkushwaha1811@gmail.com)
[debug] [2021-09-19T13:22:08.181Z] [iam] checking project tr3ll0 for permissions ["firebase.projects.get","firebasehosting.sites.update"]
[debug] [2021-09-19T13:22:08.182Z] >>> HTTP REQUEST POST https://cloudresourcemanager.googleapis.com/v1/projects/tr3ll0:testIamPermissions  
 {"permissions":["firebase.projects.get","firebasehosting.sites.update"]}
[debug] [2021-09-19T13:22:09.670Z] <<< HTTP RESPONSE 200 {"content-type":"application/json; charset=UTF-8","vary":"X-Origin, Referer, Origin,Accept-Encoding","date":"Sun, 19 Sep 2021 13:22:09 GMT","server":"ESF","cache-control":"private","x-xss-protection":"0","x-frame-options":"SAMEORIGIN","x-content-type-options":"nosniff","server-timing":"gfet4t7; dur=1292","alt-svc":"h3=\":443\"; ma=2592000,h3-29=\":443\"; ma=2592000,h3-T051=\":443\"; ma=2592000,h3-Q050=\":443\"; ma=2592000,h3-Q046=\":443\"; ma=2592000,h3-Q043=\":443\"; ma=2592000,quic=\":443\"; ma=2592000; v=\"46,43\"","accept-ranges":"none","transfer-encoding":"chunked"}
[debug] [2021-09-19T13:22:09.674Z] > refreshing access token with scopes: []
[debug] [2021-09-19T13:22:09.674Z] >>> HTTP REQUEST POST https://www.googleapis.com/oauth2/v3/token  
 <request body omitted>
[debug] [2021-09-19T13:22:09.967Z] <<< HTTP RESPONSE 200 {"date":"Sun, 19 Sep 2021 13:22:09 GMT","pragma":"no-cache","cache-control":"no-cache, no-store, max-age=0, must-revalidate","expires":"Mon, 01 Jan 1990 00:00:00 GMT","content-type":"application/json; charset=utf-8","vary":"X-Origin, Referer, Origin,Accept-Encoding","server":"scaffolding on HTTPServer2","x-xss-protection":"0","x-frame-options":"SAMEORIGIN","x-content-type-options":"nosniff","alt-svc":"h3=\":443\"; ma=2592000,h3-29=\":443\"; ma=2592000,h3-T051=\":443\"; ma=2592000,h3-Q050=\":443\"; ma=2592000,h3-Q046=\":443\"; ma=2592000,h3-Q043=\":443\"; ma=2592000,quic=\":443\"; ma=2592000; v=\"46,43\"","accept-ranges":"none","transfer-encoding":"chunked"}
[debug] [2021-09-19T13:22:10.014Z] >>> [apiv2][query] GET https://firebase.googleapis.com/v1beta1/projects/tr3ll0 [none]
[debug] [2021-09-19T13:22:10.555Z] <<< [apiv2][status] GET https://firebase.googleapis.com/v1beta1/projects/tr3ll0 200
[debug] [2021-09-19T13:22:10.556Z] <<< [apiv2][body] GET https://firebase.googleapis.com/v1beta1/projects/tr3ll0 {"projectId":"tr3ll0","projectNumber":"1027168685303","displayName":"trello","name":"projects/tr3ll0","resources":{"hostingSite":"tr3ll0"},"state":"ACTIVE"}
[info] 
[info] === Deploying to 'tr3ll0'...
[info] 
[info] i  deploying hosting 
[debug] [2021-09-19T13:22:10.559Z] > refreshing access token with scopes: ["email","https://www.googleapis.com/auth/cloud-platform","https://www.googleapis.com/auth/cloudplatformprojects.readonly","https://www.googleapis.com/auth/firebase","openid"]
[debug] [2021-09-19T13:22:10.559Z] >>> HTTP REQUEST POST https://www.googleapis.com/oauth2/v3/token  
 <request body omitted>
[debug] [2021-09-19T13:22:10.834Z] <<< HTTP RESPONSE 200 {"cache-control":"no-cache, no-store, max-age=0, must-revalidate","date":"Sun, 19 Sep 2021 13:22:10 GMT","pragma":"no-cache","expires":"Mon, 01 Jan 1990 00:00:00 GMT","content-type":"application/json; charset=utf-8","vary":"X-Origin, Referer, Origin,Accept-Encoding","server":"scaffolding on HTTPServer2","x-xss-protection":"0","x-frame-options":"SAMEORIGIN","x-content-type-options":"nosniff","alt-svc":"h3=\":443\"; ma=2592000,h3-29=\":443\"; ma=2592000,h3-T051=\":443\"; ma=2592000,h3-Q050=\":443\"; ma=2592000,h3-Q046=\":443\"; ma=2592000,h3-Q043=\":443\"; ma=2592000,quic=\":443\"; ma=2592000; v=\"46,43\"","accept-ranges":"none","transfer-encoding":"chunked"}
[debug] [2021-09-19T13:22:10.883Z] >>> HTTP REQUEST POST https://firebasehosting.googleapis.com/v1beta1/sites/tr3ll0/versions  
 {"config":{},"labels":{"deployment-tool":"cli-firebase"}}
[debug] [2021-09-19T13:22:12.898Z] <<< HTTP RESPONSE 200 {"content-type":"application/json; charset=UTF-8","vary":"X-Origin, Referer, Origin,Accept-Encoding","date":"Sun, 19 Sep 2021 13:22:12 GMT","server":"ESF","cache-control":"private","x-xss-protection":"0","x-frame-options":"SAMEORIGIN","x-content-type-options":"nosniff","alt-svc":"h3=\":443\"; ma=2592000,h3-29=\":443\"; ma=2592000,h3-T051=\":443\"; ma=2592000,h3-Q050=\":443\"; ma=2592000,h3-Q046=\":443\"; ma=2592000,h3-Q043=\":443\"; ma=2592000,quic=\":443\"; ma=2592000; v=\"46,43\"","accept-ranges":"none","transfer-encoding":"chunked"}
[info] i  hosting[tr3ll0]: beginning deploy... 
[info] i  hosting[tr3ll0]: found 6 files in build 
[debug] [2021-09-19T13:22:13.094Z] > refreshing access token with scopes: []
[debug] [2021-09-19T13:22:13.095Z] >>> HTTP REQUEST POST https://www.googleapis.com/oauth2/v3/token  
 <request body omitted>
[debug] [2021-09-19T13:22:13.095Z] [hosting] hash cache [YnVpbGQ] stored for 6 files
[debug] [2021-09-19T13:22:13.095Z] [hosting][hash queue][FINAL] {"max":181,"min":4,"avg":38.666666666666664,"active":0,"complete":6,"success":6,"errored":0,"retried":0,"total":6,"elapsed":184}
[debug] [2021-09-19T13:22:13.388Z] <<< HTTP RESPONSE 200 {"pragma":"no-cache","date":"Sun, 19 Sep 2021 13:22:13 GMT","expires":"Mon, 01 Jan 1990 00:00:00 GMT","cache-control":"no-cache, no-store, max-age=0, must-revalidate","content-type":"application/json; charset=utf-8","vary":"X-Origin, Referer, Origin,Accept-Encoding","server":"scaffolding on HTTPServer2","x-xss-protection":"0","x-frame-options":"SAMEORIGIN","x-content-type-options":"nosniff","alt-svc":"h3=\":443\"; ma=2592000,h3-29=\":443\"; ma=2592000,h3-T051=\":443\"; ma=2592000,h3-Q050=\":443\"; ma=2592000,h3-Q046=\":443\"; ma=2592000,h3-Q043=\":443\"; ma=2592000,quic=\":443\"; ma=2592000; v=\"46,43\"","accept-ranges":"none","transfer-encoding":"chunked"}
[debug] [2021-09-19T13:22:13.436Z] >>> [apiv2][query] POST https://firebasehosting.googleapis.com/v1beta1/sites/tr3ll0/versions/cbd8a20277eca29e:populateFiles [none]
[debug] [2021-09-19T13:22:13.436Z] >>> [apiv2][body] POST https://firebasehosting.googleapis.com/v1beta1/sites/tr3ll0/versions/cbd8a20277eca29e:populateFiles {"files":{"/index.html":"e859ccd70015e85110c116670baa780d2868111b947a9c518d66848d424212fa","/index.js.LICENSE.txt":"6614d2959f20dec551efd118eaa317c497fa541f997bdf84ebb13e39d1836e5a","/main.css.map":"04070bab336ad81ae0388e8987ffa11bb2a900af317c2b78b6ca410ab4b7b2bf","/main.css":"b20bdf68c57ae412e9885826a7fb4d09ec5b078981567953b6f0cc591c9c2349","/index.js":"9ab0066d3f02d3d1378b7fbb38b5e365de7d537e31a67c061d39b94634358ffe","/index.js.map":"5de4e8eb9c3e57229d88c1053d5af15703ab9ee26a7eb0fe4b837cd61fe42644"}}
[debug] [2021-09-19T13:22:15.245Z] <<< [apiv2][status] POST https://firebasehosting.googleapis.com/v1beta1/sites/tr3ll0/versions/cbd8a20277eca29e:populateFiles 200
[debug] [2021-09-19T13:22:15.246Z] <<< [apiv2][body] POST https://firebasehosting.googleapis.com/v1beta1/sites/tr3ll0/versions/cbd8a20277eca29e:populateFiles {"uploadRequiredHashes":["5de4e8eb9c3e57229d88c1053d5af15703ab9ee26a7eb0fe4b837cd61fe42644"],"uploadUrl":"https://upload-firebasehosting.googleapis.com/upload/sites/tr3ll0/versions/cbd8a20277eca29e/files"}
[debug] [2021-09-19T13:22:15.247Z] >>> [apiv2][query] POST https://upload-firebasehosting.googleapis.com/upload/sites/tr3ll0/versions/cbd8a20277eca29e/files/5de4e8eb9c3e57229d88c1053d5af15703ab9ee26a7eb0fe4b837cd61fe42644 [none]
[debug] [2021-09-19T13:22:15.247Z] >>> [apiv2][body] POST https://upload-firebasehosting.googleapis.com/upload/sites/tr3ll0/versions/cbd8a20277eca29e/files/5de4e8eb9c3e57229d88c1053d5af15703ab9ee26a7eb0fe4b837cd61fe42644 [stream]
[debug] [2021-09-19T13:22:15.249Z] [hosting][populate queue][FINAL] {"max":2153,"min":2153,"avg":2153,"active":0,"complete":1,"success":1,"errored":0,"retried":0,"total":1,"elapsed":2155}
[debug] [2021-09-19T13:22:15.249Z] [hosting] uploads queued: 1
[debug] [2021-09-19T13:22:17.825Z] <<< [apiv2][status] POST https://upload-firebasehosting.googleapis.com/upload/sites/tr3ll0/versions/cbd8a20277eca29e/files/5de4e8eb9c3e57229d88c1053d5af15703ab9ee26a7eb0fe4b837cd61fe42644 200
[debug] [2021-09-19T13:22:17.826Z] <<< [apiv2][body] POST https://upload-firebasehosting.googleapis.com/upload/sites/tr3ll0/versions/cbd8a20277eca29e/files/5de4e8eb9c3e57229d88c1053d5af15703ab9ee26a7eb0fe4b837cd61fe42644 [stream]
[debug] [2021-09-19T13:22:17.826Z] [hosting][upload queue][FINAL] {"max":2580,"min":2580,"avg":2580,"active":0,"complete":1,"success":1,"errored":0,"retried":0,"total":1,"elapsed":2580}
[info] ✔  hosting[tr3ll0]: file upload complete 
[debug] [2021-09-19T13:22:17.828Z] [hosting] deploy completed after 4928ms
[debug] [2021-09-19T13:22:17.830Z] [
  {
    "config": {
      "public": "build",
      "ignore": [
        "firebase.json",
        "**/.*",
        "**/node_modules/**"
      ],
      "site": "tr3ll0"
    },
    "site": "tr3ll0",
    "version": "sites/tr3ll0/versions/cbd8a20277eca29e"
  }
]
[info] i  hosting[tr3ll0]: finalizing version... 
[debug] [2021-09-19T13:22:17.831Z] > refreshing access token with scopes: ["email","https://www.googleapis.com/auth/cloud-platform","https://www.googleapis.com/auth/cloudplatformprojects.readonly","https://www.googleapis.com/auth/firebase","openid"]
[debug] [2021-09-19T13:22:17.831Z] >>> HTTP REQUEST POST https://www.googleapis.com/oauth2/v3/token  
 <request body omitted>
[debug] [2021-09-19T13:22:18.130Z] <<< HTTP RESPONSE 200 {"pragma":"no-cache","date":"Sun, 19 Sep 2021 13:22:18 GMT","expires":"Mon, 01 Jan 1990 00:00:00 GMT","cache-control":"no-cache, no-store, max-age=0, must-revalidate","content-type":"application/json; charset=utf-8","vary":"X-Origin, Referer, Origin,Accept-Encoding","server":"scaffolding on HTTPServer2","x-xss-protection":"0","x-frame-options":"SAMEORIGIN","x-content-type-options":"nosniff","alt-svc":"h3=\":443\"; ma=2592000,h3-29=\":443\"; ma=2592000,h3-T051=\":443\"; ma=2592000,h3-Q050=\":443\"; ma=2592000,h3-Q046=\":443\"; ma=2592000,h3-Q043=\":443\"; ma=2592000,quic=\":443\"; ma=2592000; v=\"46,43\"","accept-ranges":"none","transfer-encoding":"chunked"}
[debug] [2021-09-19T13:22:18.179Z] >>> HTTP REQUEST PATCH https://firebasehosting.googleapis.com/v1beta1/sites/tr3ll0/versions/cbd8a20277eca29e?updateMask=status  
 {"status":"FINALIZED"}
[debug] [2021-09-19T13:22:19.971Z] <<< HTTP RESPONSE 200 {"content-type":"application/json; charset=UTF-8","vary":"X-Origin, Referer, Origin,Accept-Encoding","date":"Sun, 19 Sep 2021 13:22:19 GMT","server":"ESF","cache-control":"private","x-xss-protection":"0","x-frame-options":"SAMEORIGIN","x-content-type-options":"nosniff","alt-svc":"h3=\":443\"; ma=2592000,h3-29=\":443\"; ma=2592000,h3-T051=\":443\"; ma=2592000,h3-Q050=\":443\"; ma=2592000,h3-Q046=\":443\"; ma=2592000,h3-Q043=\":443\"; ma=2592000,quic=\":443\"; ma=2592000; v=\"46,43\"","accept-ranges":"none","transfer-encoding":"chunked"}
[debug] [2021-09-19T13:22:19.972Z] [hosting] finalized version for tr3ll0: {"name":"sites/tr3ll0/versions/cbd8a20277eca29e","status":"FINALIZED","config":{},"labels":{"deployment-tool":"cli-firebase"},"createTime":"2021-09-19T13:22:12.562217Z","createUser":{"email":"chiragkushwaha1811@gmail.com"},"finalizeTime":"2021-09-19T13:22:19.865016Z","finalizeUser":{"email":"chiragkushwaha1811@gmail.com"}}
[info] ✔  hosting[tr3ll0]: version finalized 
[info] i  hosting[tr3ll0]: releasing new version... 
[debug] [2021-09-19T13:22:19.972Z] >>> HTTP REQUEST POST https://firebasehosting.googleapis.com/v1beta1/sites/tr3ll0/releases?version_name=sites/tr3ll0/versions/cbd8a20277eca29e  
 {"message":null}
[debug] [2021-09-19T13:22:21.762Z] <<< HTTP RESPONSE 200 {"content-type":"application/json; charset=UTF-8","vary":"X-Origin, Referer, Origin,Accept-Encoding","date":"Sun, 19 Sep 2021 13:22:21 GMT","server":"ESF","cache-control":"private","x-xss-protection":"0","x-frame-options":"SAMEORIGIN","x-content-type-options":"nosniff","alt-svc":"h3=\":443\"; ma=2592000,h3-29=\":443\"; ma=2592000,h3-T051=\":443\"; ma=2592000,h3-Q050=\":443\"; ma=2592000,h3-Q046=\":443\"; ma=2592000,h3-Q043=\":443\"; ma=2592000,quic=\":443\"; ma=2592000; v=\"46,43\"","accept-ranges":"none","transfer-encoding":"chunked"}
[debug] [2021-09-19T13:22:21.763Z] [hosting] release: {"name":"sites/tr3ll0/releases/1632057741097516","version":{"name":"sites/tr3ll0/versions/cbd8a20277eca29e","status":"FINALIZED","config":{},"labels":{"deployment-tool":"cli-firebase"},"createTime":"2021-09-19T13:22:12.562217Z","createUser":{"email":"chiragkushwaha1811@gmail.com"},"finalizeTime":"2021-09-19T13:22:19.865016Z","finalizeUser":{"email":"chiragkushwaha1811@gmail.com"}},"type":"DEPLOY","releaseTime":"2021-09-19T13:22:21.097516980Z","releaseUser":{"email":"chiragkushwaha1811@gmail.com"}}
[info] ✔  hosting[tr3ll0]: release complete 
[info] 
[info] ✔  Deploy complete! 
[info] 
[info] Project Console: https://console.firebase.google.com/project/tr3ll0/overview
[info] Hosting URL: https://tr3ll0.web.app
